--2014-04-14 00:00:01--  http://www.fishlee.net/service/update/44/version.js
Resolving www.fishlee.net... 178.79.131.110
Connecting to www.fishlee.net|178.79.131.110|:80... connected.
HTTP request sent, awaiting response... 
  HTTP/1.1 502 Bad Gateway
  Server: nginx/0.7.65
  Date: Sun, 13 Apr 2014 16:00:15 GMT
  Content-Type: text/html
  Content-Length: 173
  Connection: keep-alive
2014-04-14 00:00:15 ERROR 502: Bad Gateway.

--2014-04-14 00:00:15--  http://www.fishlee.net/Service/Download.ashx/44/47/12306_ticket_helper.user.js
Resolving www.fishlee.net... 222.216.190.60, 222.216.190.69
Connecting to www.fishlee.net|222.216.190.60|:80... connected.
HTTP request sent, awaiting response... 
  HTTP/1.1 200 OK
  Date: Sun, 13 Apr 2014 16:00:24 GMT
  Content-Type: text/html
  Content-Length: 5045
  Connection: keep-alive
  Last-Modified: Thu, 02 Jan 2014 17:45:01 GMT
  Accept-Ranges: bytes
  ETag: "e388725ce27cf1:0"
  X-Cache: miss
  Expires: Sun, 13 Apr 2014 17:00:24 GMT
  Cache-Control: max-age=3600
Length: 5045 (4.9K) [text/html]
Saving to: “12306_ticket_helper.user.js”

     0K ....                                                  100%  219M=0s

2014-04-14 00:00:24 (219 MB/s) - “12306_ticket_helper.user.js” saved [5045/5045]

--2014-04-14 00:00:24--  http://www.fishlee.net/Service/Download.ashx/44/63/12306_ticket_helper.crx
Resolving www.fishlee.net... 178.79.131.110
Connecting to www.fishlee.net|178.79.131.110|:80... connected.
HTTP request sent, awaiting response... 
  HTTP/1.1 307 Temporary Redirect
  Server: nginx/0.7.65
  Date: Sun, 13 Apr 2014 16:00:37 GMT
  Content-Type: text/html
  Connection: keep-alive
  X-Powered-By: PHP/5.3.2-1ubuntu4.5
  Expires: Sat, 12 Apr 2014 16:00:37 GMT
  Cache-Control: no-cache
  Location: http://dns.v2ex.com/d3d3LmZpc2hsZWUubmV0
  Vary: Accept-Encoding
  Content-Length: 0
Location: http://dns.v2ex.com/d3d3LmZpc2hsZWUubmV0 [following]
--2014-04-14 00:00:37--  http://dns.v2ex.com/d3d3LmZpc2hsZWUubmV0
Resolving dns.v2ex.com... 178.79.131.110
Reusing existing connection to www.fishlee.net:80.
HTTP request sent, awaiting response... 
  HTTP/1.1 200 OK
  Server: nginx/0.7.65
  Date: Sun, 13 Apr 2014 16:00:37 GMT
  Content-Type: text/html
  Connection: keep-alive
  X-Powered-By: PHP/5.3.2-1ubuntu4.5
  Set-Cookie: PHPSESSID=cl2qeohdpehg5gu94sb6b224r6; path=/
  Expires: Thu, 19 Nov 1981 08:52:00 GMT
  Cache-Control: no-store, no-cache, must-revalidate, post-check=0, pre-check=0
  Pragma: no-cache
  Vary: Accept-Encoding
  Content-Length: 7188
Length: 7188 (7.0K) [text/html]
Saving to: “12306_ticket_helper.crx”

     0K .......                                               100%  263M=0s

2014-04-14 00:00:37 (263 MB/s) - “12306_ticket_helper.crx” saved [7188/7188]

